==44373== Memcheck, a memory error detector
==44373== Copyright (C) 2002-2017, and GNU GPL'd, by Julian Seward et al.
==44373== Using Valgrind-3.18.1-42b08ed5bd-20211015 and LibVEX; rerun with -h for copyright info
==44373== Command: /media/sf_project2/cs140221project2-y-hebron/multithreaded 8 /media/sf_cs140 hello
==44373== Parent PID: 44364
==44373== 
--44373-- 
--44373-- Valgrind options:
--44373--    -v
--44373--    --tool=memcheck
--44373--    --leak-check=full
--44373--    --show-leak-kinds=all
--44373--    --track-origins=yes
--44373--    --num-callers=40
--44373--    --log-file=valgrind.log
--44373-- Contents of /proc/version:
--44373--   Linux version 5.15.0-57-generic (buildd@lcy02-amd64-110) (gcc (Ubuntu 11.3.0-1ubuntu1~22.04) 11.3.0, GNU ld (GNU Binutils for Ubuntu) 2.38) #63-Ubuntu SMP Thu Nov 24 13:43:17 UTC 2022
--44373-- 
--44373-- Arch and hwcaps: AMD64, LittleEndian, amd64-cx16-rdtscp-sse3-ssse3
--44373-- Page sizes: currently 4096, max supported 4096
--44373-- Valgrind library directory: /usr/libexec/valgrind
--44373-- Reading syms from /media/sf_project2/cs140221project2-y-hebron/multithreaded
--44373-- Reading syms from /usr/lib/x86_64-linux-gnu/ld-linux-x86-64.so.2
--44373--   Considering /usr/lib/debug/.build-id/61/ef896a699bb1c2e4e231642b2e1688b2f1a61e.debug ..
--44373--   .. build-id is valid
--44373-- Reading syms from /usr/libexec/valgrind/memcheck-amd64-linux
--44373--    object doesn't have a symbol table
--44373--    object doesn't have a dynamic symbol table
--44373-- Scheduler: using generic scheduler lock implementation.
--44373-- Reading suppressions file: /usr/libexec/valgrind/default.supp
==44373== embedded gdbserver: reading from /tmp/vgdb-pipe-from-vgdb-to-44373-by-cs140-on-???
==44373== embedded gdbserver: writing to   /tmp/vgdb-pipe-to-vgdb-from-44373-by-cs140-on-???
==44373== embedded gdbserver: shared mem   /tmp/vgdb-pipe-shared-mem-vgdb-44373-by-cs140-on-???
==44373== 
==44373== TO CONTROL THIS PROCESS USING vgdb (which you probably
==44373== don't want to do, unless you know exactly what you're doing,
==44373== or are doing some strange experiment):
==44373==   /usr/bin/vgdb --pid=44373 ...command...
==44373== 
==44373== TO DEBUG THIS PROCESS USING GDB: start GDB like this
==44373==   /path/to/gdb /media/sf_project2/cs140221project2-y-hebron/multithreaded
==44373== and then give GDB the following command
==44373==   target remote | /usr/bin/vgdb --pid=44373
==44373== --pid is optional if only one valgrind process is running
==44373== 
--44373-- REDIR: 0x402aa60 (ld-linux-x86-64.so.2:strlen) redirected to 0x580bcec2 (???)
--44373-- REDIR: 0x402a830 (ld-linux-x86-64.so.2:index) redirected to 0x580bcedc (???)
--44373-- Reading syms from /usr/libexec/valgrind/vgpreload_core-amd64-linux.so
--44373--    object doesn't have a symbol table
--44373-- Reading syms from /usr/libexec/valgrind/vgpreload_memcheck-amd64-linux.so
--44373--    object doesn't have a symbol table
==44373== WARNING: new redirection conflicts with existing -- ignoring it
--44373--     old: 0x0402aa60 (strlen              ) R-> (0000.0) 0x580bcec2 ???
--44373--     new: 0x0402aa60 (strlen              ) R-> (2007.0) 0x0484ee30 strlen
--44373-- REDIR: 0x4027240 (ld-linux-x86-64.so.2:strcmp) redirected to 0x484fcd0 (strcmp)
--44373-- REDIR: 0x402afc0 (ld-linux-x86-64.so.2:mempcpy) redirected to 0x4853840 (mempcpy)
--44373-- Reading syms from /usr/lib/x86_64-linux-gnu/libc.so.6
--44373--   Considering /usr/lib/debug/.build-id/69/389d485a9793dbe873f0ea2c93e02efaa9aa3d.debug ..
--44373--   .. build-id is valid
==44373== WARNING: new redirection conflicts with existing -- ignoring it
--44373--     old: 0x0490fce0 (memalign            ) R-> (1011.0) 0x0484e080 memalign
--44373--     new: 0x0490fce0 (memalign            ) R-> (1017.0) 0x0484e050 aligned_alloc
==44373== WARNING: new redirection conflicts with existing -- ignoring it
--44373--     old: 0x0490fce0 (memalign            ) R-> (1011.0) 0x0484e080 memalign
--44373--     new: 0x0490fce0 (memalign            ) R-> (1017.0) 0x0484e020 aligned_alloc
==44373== WARNING: new redirection conflicts with existing -- ignoring it
--44373--     old: 0x0490fce0 (memalign            ) R-> (1011.0) 0x0484e080 memalign
--44373--     new: 0x0490fce0 (memalign            ) R-> (1017.0) 0x0484e050 aligned_alloc
==44373== WARNING: new redirection conflicts with existing -- ignoring it
--44373--     old: 0x0490fce0 (memalign            ) R-> (1011.0) 0x0484e080 memalign
--44373--     new: 0x0490fce0 (memalign            ) R-> (1017.0) 0x0484e020 aligned_alloc
--44373-- REDIR: 0x49127a0 (libc.so.6:strnlen) redirected to 0x483f220 (_vgnU_ifunc_wrapper)
--44373-- REDIR: 0x4912a60 (libc.so.6:strpbrk) redirected to 0x483f220 (_vgnU_ifunc_wrapper)
--44373-- REDIR: 0x4912360 (libc.so.6:strcmp) redirected to 0x483f220 (_vgnU_ifunc_wrapper)
--44373-- REDIR: 0x4930d50 (libc.so.6:wcsnlen) redirected to 0x483f220 (_vgnU_ifunc_wrapper)
--44373-- REDIR: 0x4913750 (libc.so.6:memset) redirected to 0x483f220 (_vgnU_ifunc_wrapper)
--44373-- REDIR: 0x492f5c0 (libc.so.6:wcslen) redirected to 0x483f220 (_vgnU_ifunc_wrapper)
--44373-- REDIR: 0x4913c90 (libc.so.6:memcpy@@GLIBC_2.14) redirected to 0x483f220 (_vgnU_ifunc_wrapper)
--44373-- REDIR: 0x492f3f0 (libc.so.6:wcschr) redirected to 0x483f220 (_vgnU_ifunc_wrapper)
--44373-- REDIR: 0x49122e0 (libc.so.6:index) redirected to 0x483f220 (_vgnU_ifunc_wrapper)
--44373-- REDIR: 0x49129e0 (libc.so.6:rindex) redirected to 0x483f220 (_vgnU_ifunc_wrapper)
--44373-- REDIR: 0x4913620 (libc.so.6:memmove) redirected to 0x483f220 (_vgnU_ifunc_wrapper)
--44373-- REDIR: 0x492f470 (libc.so.6:wcscmp) redirected to 0x483f220 (_vgnU_ifunc_wrapper)
--44373-- REDIR: 0x4913a60 (libc.so.6:stpncpy) redirected to 0x483f220 (_vgnU_ifunc_wrapper)
--44373-- REDIR: 0x492fa30 (libc.so.6:wmemchr) redirected to 0x483f220 (_vgnU_ifunc_wrapper)
--44373-- REDIR: 0x49128b0 (libc.so.6:strncmp) redirected to 0x483f220 (_vgnU_ifunc_wrapper)
--44373-- REDIR: 0x4913af0 (libc.so.6:strcasecmp) redirected to 0x483f220 (_vgnU_ifunc_wrapper)
--44373-- REDIR: 0x49124a0 (libc.so.6:strcspn) redirected to 0x483f220 (_vgnU_ifunc_wrapper)
--44373-- REDIR: 0x492f4f0 (libc.so.6:wcscpy) redirected to 0x483f220 (_vgnU_ifunc_wrapper)
--44373-- REDIR: 0x4912250 (libc.so.6:strcat) redirected to 0x483f220 (_vgnU_ifunc_wrapper)
--44373-- REDIR: 0x4913be0 (libc.so.6:strncasecmp_l) redirected to 0x483f220 (_vgnU_ifunc_wrapper)
--44373-- REDIR: 0x4913500 (libc.so.6:bcmp) redirected to 0x483f220 (_vgnU_ifunc_wrapper)
--44373-- REDIR: 0x491b5f0 (libc.so.6:memrchr) redirected to 0x483f220 (_vgnU_ifunc_wrapper)
--44373-- REDIR: 0x4915090 (libc.so.6:strchrnul) redirected to 0x483f220 (_vgnU_ifunc_wrapper)
--44373-- REDIR: 0x4912410 (libc.so.6:strcpy) redirected to 0x483f220 (_vgnU_ifunc_wrapper)
--44373-- REDIR: 0x4913b90 (libc.so.6:strcasecmp_l) redirected to 0x483f220 (_vgnU_ifunc_wrapper)
--44373-- REDIR: 0x4912720 (libc.so.6:strlen) redirected to 0x483f220 (_vgnU_ifunc_wrapper)
--44373-- REDIR: 0x4912950 (libc.so.6:strncpy) redirected to 0x483f220 (_vgnU_ifunc_wrapper)
--44373-- REDIR: 0x49139d0 (libc.so.6:stpcpy) redirected to 0x483f220 (_vgnU_ifunc_wrapper)
--44373-- REDIR: 0x4913470 (libc.so.6:memchr) redirected to 0x483f220 (_vgnU_ifunc_wrapper)
--44373-- REDIR: 0x4912b80 (libc.so.6:strspn) redirected to 0x483f220 (_vgnU_ifunc_wrapper)
--44373-- REDIR: 0x4913850 (libc.so.6:mempcpy) redirected to 0x483f220 (_vgnU_ifunc_wrapper)
--44373-- REDIR: 0x4913b40 (libc.so.6:strncasecmp) redirected to 0x483f220 (_vgnU_ifunc_wrapper)
--44373-- REDIR: 0x4915000 (libc.so.6:rawmemchr) redirected to 0x483f220 (_vgnU_ifunc_wrapper)
--44373-- REDIR: 0x4912820 (libc.so.6:strncat) redirected to 0x483f220 (_vgnU_ifunc_wrapper)
--44373-- REDIR: 0x49246d0 (libc.so.6:__strrchr_sse2) redirected to 0x484e870 (__strrchr_sse2)
--44373-- REDIR: 0x4929f40 (libc.so.6:__strncpy_sse2_unaligned) redirected to 0x484f2e0 (__strncpy_sse2_unaligned)
--44373-- REDIR: 0x490f120 (libc.so.6:malloc) redirected to 0x4848820 (malloc)
--44373-- REDIR: 0x49249d0 (libc.so.6:__strlen_sse2) redirected to 0x484ed70 (__strlen_sse2)
--44373-- REDIR: 0x492e8d0 (libc.so.6:__mempcpy_sse2_unaligned) redirected to 0x4853440 (mempcpy)
--44373-- REDIR: 0x49105a0 (libc.so.6:calloc) redirected to 0x484d9d0 (calloc)
--44373-- REDIR: 0x49244c0 (libc.so.6:__strchrnul_sse2) redirected to 0x4853330 (strchrnul)
--44373-- REDIR: 0x490f460 (libc.so.6:free) redirected to 0x484b210 (free)
--44373-- REDIR: 0x491cdf0 (libc.so.6:__strcmp_sse2_unaligned) redirected to 0x484fbd0 (strcmp)
--44373-- REDIR: 0x492d250 (libc.so.6:__strncat_sse2_unaligned) redirected to 0x484ebc0 (strncat)
==44373== 
==44373== HEAP SUMMARY:
==44373==     in use at exit: 0 bytes in 0 blocks
==44373==   total heap usage: 2,437 allocs, 2,437 frees, 26,991,704 bytes allocated
==44373== 
==44373== All heap blocks were freed -- no leaks are possible
==44373== 
==44373== ERROR SUMMARY: 0 errors from 0 contexts (suppressed: 0 from 0)
